app/build/intermediates/manifest_merge_blame_file/debug/processDebugMainManifest/manifest-merger-blame-debug-report.txt
1<?xml version="1.0" encoding="utf-8"?>
2<manifest xmlns:android="http://schemas.android.com/apk/res/android"
3    package="com.example.final_project"
4    android:versionCode="1"
5    android:versionName="1.0" >
6
7    <uses-sdk
8        android:minSdkVersion="23"
9        android:targetSdkVersion="32" />
10
11    <uses-permission android:name="android.permission.POST_NOTIFICATIONS" />
11-->src\main\AndroidManifest.xml:5:5-76
11-->src\main\AndroidManifest.xml:5:22-74
12    <uses-permission android:name="android.permission.INTERNET" />
12-->src\main\AndroidManifest.xml:6:5-67
12-->src\main\AndroidManifest.xml:6:22-64
13    <uses-permission android:name="android.permission.WRITE_EXTERNAL_STORAGE" />
13-->src\main\AndroidManifest.xml:7:5-81
13-->src\main\AndroidManifest.xml:7:22-78
14
15    <!-- See https://developer.android.com/training/package-visibility/declaring for more details. -->
16    <queries>
16-->[com.stripe:payments-core:17.2.0] AndroidManifest.xml:10:5-14:15
17
18        <!-- Added to check if Chrome is installed for browser-based payment authentication (e.g. 3DS1). -->
19        <package android:name="com.android.chrome" />
19-->[com.stripe:payments-core:17.2.0] AndroidManifest.xml:13:9-54
19-->[com.stripe:payments-core:17.2.0] AndroidManifest.xml:13:18-51
20    </queries> <!-- Include required permissions for Google Maps API to run. -->
21    <uses-permission android:name="android.permission.ACCESS_NETWORK_STATE" />
21-->[com.google.android.gms:play-services-maps:17.0.0] AndroidManifest.xml:23:5-79
21-->[com.google.android.gms:play-services-maps:17.0.0] AndroidManifest.xml:23:22-76
22
23    <uses-feature
23-->[com.google.android.gms:play-services-maps:17.0.0] AndroidManifest.xml:26:5-28:35
24        android:glEsVersion="0x00020000"
24-->[com.google.android.gms:play-services-maps:17.0.0] AndroidManifest.xml:27:9-41
25        android:required="true" />
25-->[com.google.android.gms:play-services-maps:17.0.0] AndroidManifest.xml:28:9-32
26
27    <application
27-->src\main\AndroidManifest.xml:9:5-69:19
28        android:allowBackup="true"
28-->src\main\AndroidManifest.xml:10:9-35
29        android:appComponentFactory="androidx.core.app.CoreComponentFactory"
29-->[androidx.core:core:1.7.0] AndroidManifest.xml:24:18-86
30        android:debuggable="true"
31        android:extractNativeLibs="false"
32        android:icon="@mipmap/ic_launcher"
32-->src\main\AndroidManifest.xml:11:9-43
33        android:label="@string/app_name"
33-->src\main\AndroidManifest.xml:12:9-41
34        android:roundIcon="@mipmap/ic_launcher_round"
34-->src\main\AndroidManifest.xml:13:9-54
35        android:supportsRtl="true"
35-->src\main\AndroidManifest.xml:14:9-35
36        android:testOnly="true"
37        android:theme="@style/Theme.Final_Project"
37-->src\main\AndroidManifest.xml:15:9-51
38        android:usesCleartextTraffic="true" >
38-->src\main\AndroidManifest.xml:16:9-44
39        <activity
39-->src\main\AndroidManifest.xml:18:9-27:20
40            android:name="com.example.final_project.activities.SplashScreenActivity"
40-->src\main\AndroidManifest.xml:19:13-60
41            android:exported="true" >
41-->src\main\AndroidManifest.xml:20:13-36
42            <intent-filter>
42-->src\main\AndroidManifest.xml:23:13-26:29
43                <action android:name="android.intent.action.MAIN" />
43-->src\main\AndroidManifest.xml:24:17-69
43-->src\main\AndroidManifest.xml:24:25-66
44
45                <category android:name="android.intent.category.LAUNCHER" />
45-->src\main\AndroidManifest.xml:25:17-77
45-->src\main\AndroidManifest.xml:25:27-74
46            </intent-filter>
47        </activity>
48        <activity
48-->src\main\AndroidManifest.xml:29:9-31:40
49            android:name="com.example.final_project.activities.PaymentGateway"
49-->src\main\AndroidManifest.xml:30:13-54
50            android:exported="false" />
50-->src\main\AndroidManifest.xml:31:13-37
51        <activity
51-->src\main\AndroidManifest.xml:32:9-35:68
52            android:name="com.example.final_project.activities.SearchActivity"
52-->src\main\AndroidManifest.xml:33:13-54
53            android:exported="false"
53-->src\main\AndroidManifest.xml:34:13-37
54            android:theme="@style/Theme.Final_Project.Actionbar" />
54-->src\main\AndroidManifest.xml:35:13-65
55        <activity
55-->src\main\AndroidManifest.xml:36:9-39:68
56            android:name="com.example.final_project.activities.CategoryActivity"
56-->src\main\AndroidManifest.xml:37:13-56
57            android:exported="false"
57-->src\main\AndroidManifest.xml:38:13-37
58            android:theme="@style/Theme.Final_Project.Actionbar" />
58-->src\main\AndroidManifest.xml:39:13-65
59        <activity
59-->src\main\AndroidManifest.xml:40:9-44:68
60            android:name="com.example.final_project.activities.CheckoutActivity"
60-->src\main\AndroidManifest.xml:41:13-56
61            android:exported="false"
61-->src\main\AndroidManifest.xml:42:13-37
62            android:label="Checkout"
62-->src\main\AndroidManifest.xml:43:13-37
63            android:theme="@style/Theme.Final_Project.Actionbar" />
63-->src\main\AndroidManifest.xml:44:13-65
64        <activity
64-->src\main\AndroidManifest.xml:45:9-49:68
65            android:name="com.example.final_project.activities.CartActivity"
65-->src\main\AndroidManifest.xml:46:13-52
66            android:exported="false"
66-->src\main\AndroidManifest.xml:47:13-37
67            android:label="Shopping Cart"
67-->src\main\AndroidManifest.xml:48:13-42
68            android:theme="@style/Theme.Final_Project.Actionbar" />
68-->src\main\AndroidManifest.xml:49:13-65
69        <activity
69-->src\main\AndroidManifest.xml:50:9-53:68
70            android:name="com.example.final_project.activities.ProductDetailActivity"
70-->src\main\AndroidManifest.xml:51:13-61
71            android:exported="false"
71-->src\main\AndroidManifest.xml:52:13-37
72            android:theme="@style/Theme.Final_Project.Actionbar" />
72-->src\main\AndroidManifest.xml:53:13-65
73        <activity
73-->src\main\AndroidManifest.xml:54:9-62:20
74            android:name="com.example.final_project.activities.MainActivity"
74-->src\main\AndroidManifest.xml:55:13-52
75            android:exported="true" >
75-->src\main\AndroidManifest.xml:56:13-36
76            <intent-filter>
76-->src\main\AndroidManifest.xml:23:13-26:29
77                <action android:name="android.intent.action.MAIN" />
77-->src\main\AndroidManifest.xml:24:17-69
77-->src\main\AndroidManifest.xml:24:25-66
78
79                <category android:name="android.intent.category.LAUNCHER" />
79-->src\main\AndroidManifest.xml:25:17-77
79-->src\main\AndroidManifest.xml:25:27-74
80            </intent-filter>
81        </activity>
82
83        <service android:name="com.example.final_project.services.MusicService" />
83-->src\main\AndroidManifest.xml:64:9-58
83-->src\main\AndroidManifest.xml:64:18-55
84
85        <meta-data
85-->src\main\AndroidManifest.xml:66:9-68:57
86            android:name="preloaded_fonts"
86-->src\main\AndroidManifest.xml:67:13-43
87            android:resource="@array/preloaded_fonts" />
87-->src\main\AndroidManifest.xml:68:13-54
88
89        <activity
89-->[com.stripe:paymentsheet:17.2.0] AndroidManifest.xml:10:9-13:69
90            android:name="com.stripe.android.paymentsheet.PaymentSheetActivity"
90-->[com.stripe:paymentsheet:17.2.0] AndroidManifest.xml:11:13-80
91            android:exported="false"
91-->[com.stripe:paymentsheet:17.2.0] AndroidManifest.xml:12:13-37
92            android:theme="@style/StripePaymentSheetDefaultTheme" />
92-->[com.stripe:paymentsheet:17.2.0] AndroidManifest.xml:13:13-66
93        <activity
93-->[com.stripe:paymentsheet:17.2.0] AndroidManifest.xml:14:9-17:69
94            android:name="com.stripe.android.paymentsheet.PaymentOptionsActivity"
94-->[com.stripe:paymentsheet:17.2.0] AndroidManifest.xml:15:13-82
95            android:exported="false"
95-->[com.stripe:paymentsheet:17.2.0] AndroidManifest.xml:16:13-37
96            android:theme="@style/StripePaymentSheetDefaultTheme" />
96-->[com.stripe:paymentsheet:17.2.0] AndroidManifest.xml:17:13-66
97        <activity
97-->[com.stripe:payments-core:17.2.0] AndroidManifest.xml:17:9-20:57
98            android:name="com.stripe.android.view.AddPaymentMethodActivity"
98-->[com.stripe:payments-core:17.2.0] AndroidManifest.xml:18:13-76
99            android:exported="false"
99-->[com.stripe:payments-core:17.2.0] AndroidManifest.xml:19:13-37
100            android:theme="@style/StripeDefaultTheme" />
100-->[com.stripe:payments-core:17.2.0] AndroidManifest.xml:20:13-54
101        <activity
101-->[com.stripe:payments-core:17.2.0] AndroidManifest.xml:21:9-24:57
102            android:name="com.stripe.android.view.PaymentMethodsActivity"
102-->[com.stripe:payments-core:17.2.0] AndroidManifest.xml:22:13-74
103            android:exported="false"
103-->[com.stripe:payments-core:17.2.0] AndroidManifest.xml:23:13-37
104            android:theme="@style/StripeDefaultTheme" />
104-->[com.stripe:payments-core:17.2.0] AndroidManifest.xml:24:13-54
105        <activity
105-->[com.stripe:payments-core:17.2.0] AndroidManifest.xml:25:9-28:57
106            android:name="com.stripe.android.view.PaymentFlowActivity"
106-->[com.stripe:payments-core:17.2.0] AndroidManifest.xml:26:13-71
107            android:exported="false"
107-->[com.stripe:payments-core:17.2.0] AndroidManifest.xml:27:13-37
108            android:theme="@style/StripeDefaultTheme" />
108-->[com.stripe:payments-core:17.2.0] AndroidManifest.xml:28:13-54
109        <activity
109-->[com.stripe:payments-core:17.2.0] AndroidManifest.xml:29:9-33:58
110            android:name="com.stripe.android.view.PaymentAuthWebViewActivity"
110-->[com.stripe:payments-core:17.2.0] AndroidManifest.xml:30:13-78
111            android:exported="false"
111-->[com.stripe:payments-core:17.2.0] AndroidManifest.xml:31:13-37
112            android:theme="@style/StripeDefaultTheme"
112-->[com.stripe:payments-core:17.2.0] AndroidManifest.xml:32:13-54
113            android:windowSoftInputMode="adjustResize" />
113-->[com.stripe:payments-core:17.2.0] AndroidManifest.xml:33:13-55
114        <activity
114-->[com.stripe:payments-core:17.2.0] AndroidManifest.xml:34:9-37:61
115            android:name="com.stripe.android.view.PaymentRelayActivity"
115-->[com.stripe:payments-core:17.2.0] AndroidManifest.xml:35:13-72
116            android:exported="false"
116-->[com.stripe:payments-core:17.2.0] AndroidManifest.xml:36:13-37
117            android:theme="@style/StripeTransparentTheme" />
117-->[com.stripe:payments-core:17.2.0] AndroidManifest.xml:37:13-58
118        <!--
119        Set android:launchMode="singleTop" so that the StripeBrowserLauncherActivity instance that
120        launched the browser Activity will also handle the return URL deep link.
121        -->
122        <activity
122-->[com.stripe:payments-core:17.2.0] AndroidManifest.xml:43:9-60:20
123            android:name="com.stripe.android.payments.StripeBrowserLauncherActivity"
123-->[com.stripe:payments-core:17.2.0] AndroidManifest.xml:44:13-85
124            android:exported="true"
124-->[com.stripe:payments-core:17.2.0] AndroidManifest.xml:45:13-36
125            android:launchMode="singleTask"
125-->[com.stripe:payments-core:17.2.0] AndroidManifest.xml:46:13-44
126            android:theme="@style/StripeTransparentTheme" >
126-->[com.stripe:payments-core:17.2.0] AndroidManifest.xml:47:13-58
127            <intent-filter>
127-->[com.stripe:payments-core:17.2.0] AndroidManifest.xml:48:13-59:29
128                <action android:name="android.intent.action.VIEW" />
128-->[com.stripe:payments-core:17.2.0] AndroidManifest.xml:49:17-69
128-->[com.stripe:payments-core:17.2.0] AndroidManifest.xml:49:25-66
129
130                <category android:name="android.intent.category.DEFAULT" />
130-->[com.stripe:payments-core:17.2.0] AndroidManifest.xml:51:17-76
130-->[com.stripe:payments-core:17.2.0] AndroidManifest.xml:51:27-73
131                <category android:name="android.intent.category.BROWSABLE" />
131-->[com.stripe:payments-core:17.2.0] AndroidManifest.xml:52:17-78
131-->[com.stripe:payments-core:17.2.0] AndroidManifest.xml:52:27-75
132
133                <!-- Must match `DefaultReturnUrl#value`. -->
134                <data
134-->[com.stripe:payments-core:17.2.0] AndroidManifest.xml:55:17-58:50
135                    android:host="payment_return_url"
135-->[com.stripe:payments-core:17.2.0] AndroidManifest.xml:56:21-54
136                    android:path="/com.example.final_project"
136-->[com.stripe:payments-core:17.2.0] AndroidManifest.xml:57:21-53
137                    android:scheme="stripesdk" />
137-->[com.stripe:payments-core:17.2.0] AndroidManifest.xml:58:21-47
138            </intent-filter>
139        </activity>
140        <activity
140-->[com.stripe:payments-core:17.2.0] AndroidManifest.xml:61:9-64:57
141            android:name="com.stripe.android.payments.core.authentication.threeds2.Stripe3ds2TransactionActivity"
141-->[com.stripe:payments-core:17.2.0] AndroidManifest.xml:62:13-114
142            android:exported="false"
142-->[com.stripe:payments-core:17.2.0] AndroidManifest.xml:63:13-37
143            android:theme="@style/StripeDefaultTheme" />
143-->[com.stripe:payments-core:17.2.0] AndroidManifest.xml:64:13-54
144        <activity
144-->[com.stripe:payments-core:17.2.0] AndroidManifest.xml:65:9-68:66
145            android:name="com.stripe.android.googlepaylauncher.StripeGooglePayActivity"
145-->[com.stripe:payments-core:17.2.0] AndroidManifest.xml:66:13-88
146            android:exported="false"
146-->[com.stripe:payments-core:17.2.0] AndroidManifest.xml:67:13-37
147            android:theme="@style/StripeGooglePayDefaultTheme" />
147-->[com.stripe:payments-core:17.2.0] AndroidManifest.xml:68:13-63
148        <activity
148-->[com.stripe:payments-core:17.2.0] AndroidManifest.xml:69:9-72:66
149            android:name="com.stripe.android.googlepaylauncher.GooglePayLauncherActivity"
149-->[com.stripe:payments-core:17.2.0] AndroidManifest.xml:70:13-90
150            android:exported="false"
150-->[com.stripe:payments-core:17.2.0] AndroidManifest.xml:71:13-37
151            android:theme="@style/StripeGooglePayDefaultTheme" />
151-->[com.stripe:payments-core:17.2.0] AndroidManifest.xml:72:13-63
152        <activity
152-->[com.stripe:payments-core:17.2.0] AndroidManifest.xml:73:9-76:66
153            android:name="com.stripe.android.googlepaylauncher.GooglePayPaymentMethodLauncherActivity"
153-->[com.stripe:payments-core:17.2.0] AndroidManifest.xml:74:13-103
154            android:exported="false"
154-->[com.stripe:payments-core:17.2.0] AndroidManifest.xml:75:13-37
155            android:theme="@style/StripeGooglePayDefaultTheme" />
155-->[com.stripe:payments-core:17.2.0] AndroidManifest.xml:76:13-63
156        <activity
156-->[com.stripe:payments-core:17.2.0] AndroidManifest.xml:77:9-80:62
157            android:name="com.stripe.android.payments.paymentlauncher.PaymentLauncherConfirmationActivity"
157-->[com.stripe:payments-core:17.2.0] AndroidManifest.xml:78:13-107
158            android:exported="false"
158-->[com.stripe:payments-core:17.2.0] AndroidManifest.xml:79:13-37
159            android:theme="@style/PayLauncherDefaultTheme" />
159-->[com.stripe:payments-core:17.2.0] AndroidManifest.xml:80:13-59
160        <activity
160-->[com.stripe:stripe-3ds2-android:6.1.2] AndroidManifest.xml:10:9-13:54
161            android:name="com.stripe.android.stripe3ds2.views.ChallengeActivity"
161-->[com.stripe:stripe-3ds2-android:6.1.2] AndroidManifest.xml:11:13-81
162            android:exported="false"
162-->[com.stripe:stripe-3ds2-android:6.1.2] AndroidManifest.xml:12:13-37
163            android:theme="@style/Stripe3DS2Theme" /> <!-- Needs to be explicitly declared on P+ -->
163-->[com.stripe:stripe-3ds2-android:6.1.2] AndroidManifest.xml:13:13-51
164        <uses-library
164-->[com.google.android.gms:play-services-maps:17.0.0] AndroidManifest.xml:33:9-35:40
165            android:name="org.apache.http.legacy"
165-->[com.google.android.gms:play-services-maps:17.0.0] AndroidManifest.xml:34:13-50
166            android:required="false" />
166-->[com.google.android.gms:play-services-maps:17.0.0] AndroidManifest.xml:35:13-37
167
168        <activity
168-->[com.google.android.gms:play-services-base:17.5.0] AndroidManifest.xml:23:9-26:75
169            android:name="com.google.android.gms.common.api.GoogleApiActivity"
169-->[com.google.android.gms:play-services-base:17.5.0] AndroidManifest.xml:24:13-79
170            android:exported="false"
170-->[com.google.android.gms:play-services-base:17.5.0] AndroidManifest.xml:25:13-37
171            android:theme="@android:style/Theme.Translucent.NoTitleBar" />
171-->[com.google.android.gms:play-services-base:17.5.0] AndroidManifest.xml:26:13-72
172
173        <meta-data
173-->[com.google.android.gms:play-services-basement:17.5.0] AndroidManifest.xml:23:9-25:69
174            android:name="com.google.android.gms.version"
174-->[com.google.android.gms:play-services-basement:17.5.0] AndroidManifest.xml:24:13-58
175            android:value="@integer/google_play_services_version" />
175-->[com.google.android.gms:play-services-basement:17.5.0] AndroidManifest.xml:25:13-66
176
177        <provider
177-->[androidx.emoji2:emoji2:1.0.0] AndroidManifest.xml:26:9-34:20
178            android:name="androidx.startup.InitializationProvider"
178-->[androidx.emoji2:emoji2:1.0.0] AndroidManifest.xml:27:13-67
179            android:authorities="com.example.final_project.androidx-startup"
179-->[androidx.emoji2:emoji2:1.0.0] AndroidManifest.xml:28:13-68
180            android:exported="false" >
180-->[androidx.emoji2:emoji2:1.0.0] AndroidManifest.xml:29:13-37
181            <meta-data
181-->[androidx.emoji2:emoji2:1.0.0] AndroidManifest.xml:31:13-33:52
182                android:name="androidx.emoji2.text.EmojiCompatInitializer"
182-->[androidx.emoji2:emoji2:1.0.0] AndroidManifest.xml:32:17-75
183                android:value="androidx.startup" />
183-->[androidx.emoji2:emoji2:1.0.0] AndroidManifest.xml:33:17-49
184            <meta-data
184-->[androidx.lifecycle:lifecycle-process:2.4.0] AndroidManifest.xml:31:13-33:52
185                android:name="androidx.lifecycle.ProcessLifecycleInitializer"
185-->[androidx.lifecycle:lifecycle-process:2.4.0] AndroidManifest.xml:32:17-78
186                android:value="androidx.startup" />
186-->[androidx.lifecycle:lifecycle-process:2.4.0] AndroidManifest.xml:33:17-49
187            <meta-data
187-->[androidx.profileinstaller:profileinstaller:1.0.2] AndroidManifest.xml:31:13-33:52
188                android:name="androidx.profileinstaller.ProfileInstallerInitializer"
188-->[androidx.profileinstaller:profileinstaller:1.0.2] AndroidManifest.xml:32:17-85
189                android:value="androidx.startup" />
189-->[androidx.profileinstaller:profileinstaller:1.0.2] AndroidManifest.xml:33:17-49
190        </provider>
191
192        <receiver
192-->[androidx.profileinstaller:profileinstaller:1.0.2] AndroidManifest.xml:36:9-45:20
193            android:name="androidx.profileinstaller.ProfileInstallReceiver"
193-->[androidx.profileinstaller:profileinstaller:1.0.2] AndroidManifest.xml:37:13-76
194            android:directBootAware="false"
194-->[androidx.profileinstaller:profileinstaller:1.0.2] AndroidManifest.xml:38:13-44
195            android:enabled="true"
195-->[androidx.profileinstaller:profileinstaller:1.0.2] AndroidManifest.xml:39:13-35
196            android:exported="true"
196-->[androidx.profileinstaller:profileinstaller:1.0.2] AndroidManifest.xml:40:13-36
197            android:permission="android.permission.DUMP" >
197-->[androidx.profileinstaller:profileinstaller:1.0.2] AndroidManifest.xml:41:13-57
198            <intent-filter>
198-->[androidx.profileinstaller:profileinstaller:1.0.2] AndroidManifest.xml:42:13-44:29
199                <action android:name="androidx.profileinstaller.action.INSTALL_PROFILE" />
199-->[androidx.profileinstaller:profileinstaller:1.0.2] AndroidManifest.xml:43:17-91
199-->[androidx.profileinstaller:profileinstaller:1.0.2] AndroidManifest.xml:43:25-88
200            </intent-filter>
201        </receiver>
202    </application>
203
204</manifest>